生成启动时间为 2020/8/30 17:06:52。
     1>项目“C:\b站-c语言工具\代码空间\test---8-30\test---8-30\test---8-30.vcxproj”在节点 2 上(Build 个目标)。
     1>Link:
         C:\Program Files (x86)\Microsoft Visual Studio 12.0\VC\bin\link.exe /ERRORREPORT:PROMPT /OUT:"C:\b站-c语言工具\代码空间\test---8-30\Debug\test---8-30.exe" /INCREMENTAL /NOLOGO kernel32.lib user32.lib gdi32.lib winspool.lib comdlg32.lib advapi32.lib shell32.lib ole32.lib oleaut32.lib uuid.lib odbc32.lib odbccp32.lib /MANIFEST /MANIFESTUAC:"level='asInvoker' uiAccess='false'" /manifest:embed /DEBUG /PDB:"C:\b站-c语言工具\代码空间\test---8-30\Debug\test---8-30.pdb" /SUBSYSTEM:CONSOLE /TLBID:1 /DYNAMICBASE /NXCOMPAT /IMPLIB:"C:\b站-c语言工具\代码空间\test---8-30\Debug\test---8-30.lib" /MACHINE:X86 "Debug\test-1.obj"
         Debug\test2.obj
     1>test2.obj : error LNK2005: _main 已经在 test-1.obj 中定义
     1>C:\b站-c语言工具\代码空间\test---8-30\Debug\test---8-30.exe : fatal error LNK1169: 找到一个或多个多重定义的符号
     1>已完成生成项目“C:\b站-c语言工具\代码空间\test---8-30\test---8-30\test---8-30.vcxproj”(Build 个目标)的操作 - 失败。

生成失败。

已用时间 00:00:00.31
